  View.cpp
c:\users\asus\onedrive - peter the great st. petersburg polytechnical university\5 семестр\ооп\3 лаба\oop_laba3_v2.0\oop_laba3_v2.0\curses.h(160): warning C4005: 'MOUSE_MOVED' : macro redefinition
          C:\Program Files (x86)\Windows Kits\8.1\Include\um\wincon.h(118) : see previous definition of 'MOUSE_MOVED'
c:\users\asus\onedrive - peter the great st. petersburg polytechnical university\5 семестр\ооп\3 лаба\oop_laba3_v2.0\oop_laba3_v2.0\Text_editor.h(12): warning C4005: 'KEY_BACKSPACE' : macro redefinition
          c:\users\asus\onedrive - peter the great st. petersburg polytechnical university\5 семестр\ооп\3 лаба\oop_laba3_v2.0\oop_laba3_v2.0\curses.h(630) : see previous definition of 'KEY_BACKSPACE'
c:\users\asus\onedrive - peter the great st. petersburg polytechnical university\5 семестр\ооп\3 лаба\oop_laba3_v2.0\oop_laba3_v2.0\Text_editor.h(13): warning C4005: 'KEY_ENTER' : macro redefinition
          c:\users\asus\onedrive - peter the great st. petersburg polytechnical university\5 семестр\ооп\3 лаба\oop_laba3_v2.0\oop_laba3_v2.0\curses.h(648) : see previous definition of 'KEY_ENTER'
c:\users\asus\onedrive - peter the great st. petersburg polytechnical university\5 семестр\ооп\3 лаба\oop_laba3_v2.0\oop_laba3_v2.0\Text_editor.h(173): warning C4373: 'EditorView::Search': virtual function overrides 'Observer::Search', previous versions of the compiler did not override when parameters only differed by const/volatile qualifiers
          c:\users\asus\onedrive - peter the great st. petersburg polytechnical university\5 семестр\ооп\3 лаба\oop_laba3_v2.0\oop_laba3_v2.0\Text_editor.h(76) : see declaration of 'Observer::Search'
c:\users\asus\onedrive - peter the great st. petersburg polytechnical university\5 семестр\ооп\3 лаба\oop_laba3_v2.0\oop_laba3_v2.0\Text_editor.h(174): warning C4373: 'EditorView::GoToRow': virtual function overrides 'Observer::GoToRow', previous versions of the compiler did not override when parameters only differed by const/volatile qualifiers
          c:\users\asus\onedrive - peter the great st. petersburg polytechnical university\5 семестр\ооп\3 лаба\oop_laba3_v2.0\oop_laba3_v2.0\Text_editor.h(77) : see declaration of 'Observer::GoToRow'
View.cpp(357): warning C4267: '-=' : conversion from 'size_t' to 'int', possible loss of data
View.cpp(359): warning C4267: '-=' : conversion from 'size_t' to 'int', possible loss of data
View.cpp(418): warning C4267: '+=' : conversion from 'size_t' to 'int', possible loss of data
View.cpp(420): warning C4267: '+=' : conversion from 'size_t' to 'int', possible loss of data
View.cpp(462): warning C4267: 'initializing' : conversion from 'size_t' to 'int', possible loss of data
Model.obj : error LNK2019: unresolved external symbol endwin referenced in function "public: void __cdecl EditorModel::ExitEditor(void)" (?ExitEditor@EditorModel@@QEAAXXZ)
Text_editor.obj : error LNK2001: unresolved external symbol endwin
Model.obj : error LNK2019: unresolved external symbol "public: __cdecl MyString::MyString(void)" (??0MyString@@QEAA@XZ) referenced in function "public: __cdecl EditorModel::EditorModel(void)" (??0EditorModel@@QEAA@XZ)
Model.obj : error LNK2019: unresolved external symbol "public: void __cdecl MyString::operator=(char const *)" (??4MyString@@QEAAXPEBD@Z) referenced in function "public: void __cdecl EditorModel::CommandKeyEnter(void)" (?CommandKeyEnter@EditorModel@@QEAAXXZ)
Model.obj : error LNK2019: unresolved external symbol "public: bool __cdecl MyString::operator==(char const *)const " (??8MyString@@QEBA_NPEBD@Z) referenced in function "public: void __cdecl EditorModel::ModeNavi(int)" (?ModeNavi@EditorModel@@QEAAXH@Z)
Model.obj : error LNK2019: unresolved external symbol "public: char const __cdecl MyString::operator[](unsigned __int64)const " (??AMyString@@QEBA?BD_K@Z) referenced in function "public: void __cdecl EditorModel::ModeNavi(int)" (?ModeNavi@EditorModel@@QEAAXH@Z)
View.obj : error LNK2001: unresolved external symbol "public: char const __cdecl MyString::operator[](unsigned __int64)const " (??AMyString@@QEBA?BD_K@Z)
Model.obj : error LNK2019: unresolved external symbol "class std::basic_ostream<char,struct std::char_traits<char> > & __cdecl operator<<(class std::basic_ostream<char,struct std::char_traits<char> > &,class MyString const &)" (??6@YAAEAV?$basic_ostream@DU?$char_traits@D@std@@@std@@AEAV01@AEBVMyString@@@Z) referenced in function "public: void __cdecl EditorModel::WriteFile(class MyString const &)" (?WriteFile@EditorModel@@QEAAXAEBVMyString@@@Z)
Model.obj : error LNK2019: unresolved external symbol "public: char const * __cdecl MyString::c_str(void)const " (?c_str@MyString@@QEBAPEBDXZ) referenced in function "public: void __cdecl EditorModel::ModeNavi(int)" (?ModeNavi@EditorModel@@QEAAXH@Z)
View.obj : error LNK2001: unresolved external symbol "public: char const * __cdecl MyString::c_str(void)const " (?c_str@MyString@@QEBAPEBDXZ)
Model.obj : error LNK2019: unresolved external symbol "public: unsigned __int64 __cdecl MyString::size(void)const " (?size@MyString@@QEBA_KXZ) referenced in function "public: void __cdecl EditorModel::ModeCommand(int)" (?ModeCommand@EditorModel@@QEAAXH@Z)
View.obj : error LNK2001: unresolved external symbol "public: unsigned __int64 __cdecl MyString::size(void)const " (?size@MyString@@QEBA_KXZ)
Model.obj : error LNK2019: unresolved external symbol "public: bool __cdecl MyString::empty(void)const " (?empty@MyString@@QEBA_NXZ) referenced in function "public: void __cdecl EditorModel::ModeSearch(int)" (?ModeSearch@EditorModel@@QEAAXH@Z)
View.obj : error LNK2001: unresolved external symbol "public: bool __cdecl MyString::empty(void)const " (?empty@MyString@@QEBA_NXZ)
Model.obj : error LNK2019: unresolved external symbol "public: void __cdecl MyString::clear(void)" (?clear@MyString@@QEAAXXZ) referenced in function "public: void __cdecl EditorModel::ModeCommand(int)" (?ModeCommand@EditorModel@@QEAAXH@Z)
Model.obj : error LNK2019: unresolved external symbol "public: void __cdecl MyString::insert(unsigned __int64,unsigned __int64,char)" (?insert@MyString@@QEAAX_K0D@Z) referenced in function "public: void __cdecl EditorModel::ModeCommand(int)" (?ModeCommand@EditorModel@@QEAAXH@Z)
Model.obj : error LNK2019: unresolved external symbol "public: void __cdecl MyString::insert(unsigned __int64,char const *)" (?insert@MyString@@QEAAX_KPEBD@Z) referenced in function "public: void __cdecl EditorModel::InsertRow(void)" (?InsertRow@EditorModel@@QEAAXXZ)
Model.obj : error LNK2019: unresolved external symbol "public: void __cdecl MyString::erase(unsigned __int64,unsigned __int64)" (?erase@MyString@@QEAAX_K0@Z) referenced in function "public: void __cdecl EditorModel::ModeNavi(int)" (?ModeNavi@EditorModel@@QEAAXH@Z)
Model.obj : error LNK2019: unresolved external symbol "public: void __cdecl MyString::append(unsigned __int64,char)" (?append@MyString@@QEAAX_KD@Z) referenced in function "public: void __cdecl EditorModel::ModeNavi(int)" (?ModeNavi@EditorModel@@QEAAXH@Z)
Model.obj : error LNK2019: unresolved external symbol "public: void __cdecl MyString::append(class MyString const &)" (?append@MyString@@QEAAXAEBV1@@Z) referenced in function "public: void __cdecl EditorModel::SearchKeyEnter(unsigned __int64)" (?SearchKeyEnter@EditorModel@@QEAAX_K@Z)
Model.obj : error LNK2019: unresolved external symbol "public: void __cdecl MyString::append(char const *)" (?append@MyString@@QEAAXPEBD@Z) referenced in function "public: void __cdecl EditorModel::CopyWord(void)" (?CopyWord@EditorModel@@QEAAXXZ)
Model.obj : error LNK2019: unresolved external symbol "public: void __cdecl MyString::append(char const *,unsigned __int64,unsigned __int64)" (?append@MyString@@QEAAXPEBD_K1@Z) referenced in function "public: void __cdecl EditorModel::CopyRow(void)" (?CopyRow@EditorModel@@QEAAXXZ)
Model.obj : error LNK2019: unresolved external symbol "public: unsigned __int64 __cdecl MyString::find(char const *)const " (?find@MyString@@QEBA_KPEBD@Z) referenced in function "public: void __cdecl EditorModel::DeleteRow(void)" (?DeleteRow@EditorModel@@QEAAXXZ)
Model.obj : error LNK2019: unresolved external symbol "public: unsigned __int64 __cdecl MyString::find(char const *,unsigned __int64)const " (?find@MyString@@QEBA_KPEBD_K@Z) referenced in function "public: void __cdecl EditorModel::SearchKeyEnter(unsigned __int64)" (?SearchKeyEnter@EditorModel@@QEAAX_K@Z)
Text_editor.obj : error LNK2019: unresolved external symbol init_pair referenced in function "public: virtual int __cdecl Adapter::AdapterInitPair(short,short,short)" (?AdapterInitPair@Adapter@@UEAAHFFF@Z)
Text_editor.obj : error LNK2019: unresolved external symbol initscr referenced in function "public: virtual struct _win * __cdecl Adapter::ApapterInitscr(void)" (?ApapterInitscr@Adapter@@UEAAPEAU_win@@XZ)
Text_editor.obj : error LNK2019: unresolved external symbol keypad referenced in function "public: virtual int __cdecl Adapter::AdapterKeypad(struct _win *,bool)" (?AdapterKeypad@Adapter@@UEAAHPEAU_win@@_N@Z)
Text_editor.obj : error LNK2019: unresolved external symbol move referenced in function "public: virtual int __cdecl Adapter::AdapterMove(int,int)" (?AdapterMove@Adapter@@UEAAHHH@Z)
View.obj : error LNK2001: unresolved external symbol move
Text_editor.obj : error LNK2019: unresolved external symbol newwin referenced in function "public: virtual struct _win * __cdecl Adapter::AdapterNewWin(int,int,int,int)" (?AdapterNewWin@Adapter@@UEAAPEAU_win@@HHHH@Z)
Text_editor.obj : error LNK2019: unresolved external symbol noecho referenced in function "public: virtual int __cdecl Adapter::AdapterNoecho(void)" (?AdapterNoecho@Adapter@@UEAAHXZ)
Text_editor.obj : error LNK2019: unresolved external symbol raw referenced in function "public: virtual int __cdecl Adapter::AdapterRaw(void)" (?AdapterRaw@Adapter@@UEAAHXZ)
Text_editor.obj : error LNK2019: unresolved external symbol start_color referenced in function "public: virtual int __cdecl Adapter::ApapterStartColor(void)" (?ApapterStartColor@Adapter@@UEAAHXZ)
Text_editor.obj : error LNK2019: unresolved external symbol wbkgd referenced in function "public: virtual int __cdecl Adapter::AdapterWbkgd(struct _win *,unsigned long)" (?AdapterWbkgd@Adapter@@UEAAHPEAU_win@@K@Z)
Text_editor.obj : error LNK2019: unresolved external symbol wclear referenced in function "public: virtual int __cdecl Adapter::AdapterWclear(struct _win *)" (?AdapterWclear@Adapter@@UEAAHPEAU_win@@@Z)
Text_editor.obj : error LNK2019: unresolved external symbol wrefresh referenced in function "public: virtual int __cdecl Adapter::AdapterWrefresh(struct _win *)" (?AdapterWrefresh@Adapter@@UEAAHPEAU_win@@@Z)
Text_editor.obj : error LNK2019: unresolved external symbol resize_term referenced in function "public: virtual int __cdecl Adapter::AdapterResizeTerm(int,int)" (?AdapterResizeTerm@Adapter@@UEAAHHH@Z)
View.obj : error LNK2019: unresolved external symbol mvwprintw referenced in function "public: __cdecl EditorView::EditorView(class EditorModel *,class EditorController *,class Target *)" (??0EditorView@@QEAA@PEAVEditorModel@@PEAVEditorController@@PEAVTarget@@@Z)
View.obj : error LNK2019: unresolved external symbol wgetch referenced in function "public: void __cdecl EditorView::EventWaiting(void)" (?EventWaiting@EditorView@@QEAAXXZ)
View.obj : error LNK2019: unresolved external symbol "public: __cdecl MyString::MyString(char const *)" (??0MyString@@QEAA@PEBD@Z) referenced in function "public: bool __cdecl EditorView::SearchSpecialChar(char)" (?SearchSpecialChar@EditorView@@QEAA_ND@Z)
View.obj : error LNK2001: unresolved external symbol __imp_stdscr
C:\Users\Asus\OneDrive - Peter the Great St. Petersburg Polytechnical University\5 семестр\ООП\3 лаба\OOP_laba3_v2.0\x64\Debug\OOP_laba3_v2.0.exe : fatal error LNK1120: 35 unresolved externals
